<?xml version="1.0" encoding="UTF-8"?>
<!-- Generated by org.testng.reporters.JUnitReportReporter -->
<testsuite hostname="LAPTOP-BON7O57K" failures="0" tests="2" name="packTwo.Class_2" time="0.001" errors="0" timestamp="2024-12-10T15:07:51 IST" skipped="0">
  <testcase classname="packTwo.Class_2" name="t" time="0.000"/>
  <system-out/>
  <testcase classname="packTwo.Class_2" name="t" time="0.001"/>
  <system-out/>
</testsuite> <!-- packTwo.Class_2 -->
