<?xml version="1.0" encoding="UTF-8"?>
<!-- Generated by org.testng.reporters.JUnitReportReporter -->
<testsuite hostname="LAPTOP-BON7O57K" failures="0" tests="2" name="packOne.Class_2Test" time="0.005" errors="0" timestamp="2024-12-10T11:33:39 IST" skipped="0">
  <testcase classname="packOne.Class_2Test" name="search" time="0.004"/>
  <system-out/>
  <testcase classname="packOne.Class_2Test" name="advancedSearch" time="0.001"/>
  <system-out/>
</testsuite> <!-- packOne.Class_2Test -->
