<?xml version="1.0" encoding="UTF-8"?>
<!-- Generated by org.testng.reporters.JUnitReportReporter -->
<testsuite hostname="LAPTOP-BON7O57K" failures="0" tests="1" name="Pack_4.class_1_Assertion" time="0.006" errors="0" timestamp="2024-12-10T16:54:39 IST" skipped="0">
  <testcase classname="Pack_4.class_1_Assertion" name="testTitle" time="0.006"/>
  <system-out/>
</testsuite> <!-- Pack_4.class_1_Assertion -->
