<?xml version="1.0" encoding="UTF-8"?>
<!-- Generated by org.testng.reporters.JUnitReportReporter -->
<testsuite hostname="LAPTOP-BON7O57K" failures="0" tests="2" name="packTwo.Class_4_All_annotations" time="0.008" errors="0" timestamp="2024-12-10T15:22:23 IST" skipped="0">
  <testcase classname="packTwo.Class_4_All_annotations" name="Test1" time="0.007"/>
  <system-out/>
  <testcase classname="packTwo.Class_4_All_annotations" name="Test2" time="0.001"/>
  <system-out/>
</testsuite> <!-- packTwo.Class_4_All_annotations -->
