<?xml version="1.0" encoding="UTF-8"?>
<!-- Generated by org.testng.reporters.JUnitReportReporter -->
<testsuite hostname="LAPTOP-BON7O57K" failures="0" tests="3" name="pack_3.Class_1" time="1.091" errors="0" timestamp="2024-12-12T18:19:33 IST" skipped="0">
  <testcase classname="pack_3.Class_1" name="testLogo" time="1.079"/>
  <system-out/>
  <testcase classname="pack_3.Class_1" name="testAppUrl" time="0.007"/>
  <system-out/>
  <testcase classname="pack_3.Class_1" name="testHomePageTitle" time="0.005"/>
  <system-out/>
</testsuite> <!-- pack_3.Class_1 -->
