<?xml version="1.0" encoding="UTF-8"?>
<!-- Generated by org.testng.reporters.JUnitReportReporter -->
<testsuite hostname="LAPTOP-BON7O57K" failures="0" tests="3" name="pack_1.Class_1" time="0.038" errors="0" timestamp="2024-12-12T15:20:59 IST" skipped="0">
  <testcase classname="pack_1.Class_1" name="testLogo" time="0.027"/>
  <system-out/>
  <testcase classname="pack_1.Class_1" name="testAppUrl" time="0.006"/>
  <system-out/>
  <testcase classname="pack_1.Class_1" name="testHomePageTitle" time="0.005"/>
  <system-out/>
</testsuite> <!-- pack_1.Class_1 -->
