<?xml version="1.0" encoding="UTF-8"?>
<!-- Generated by org.testng.reporters.JUnitReportReporter -->
<testsuite hostname="LAPTOP-BON7O57K" failures="0" tests="6" name="pack_3.Class_6_paramTest" time="0.073" errors="0" timestamp="2024-12-11T18:02:51 IST" skipped="0">
  <testcase classname="pack_3.Class_6_paramTest" name="testLogo" time="0.027"/>
  <system-out/>
  <testcase classname="pack_3.Class_6_paramTest" name="testLogo" time="0.025"/>
  <system-out/>
  <testcase classname="pack_3.Class_6_paramTest" name="testTitle" time="0.005"/>
  <system-out/>
  <testcase classname="pack_3.Class_6_paramTest" name="testTitle" time="0.006"/>
  <system-out/>
  <testcase classname="pack_3.Class_6_paramTest" name="testURL" time="0.005"/>
  <system-out/>
  <testcase classname="pack_3.Class_6_paramTest" name="testURL" time="0.005"/>
  <system-out/>
</testsuite> <!-- pack_3.Class_6_paramTest -->
