<?xml version="1.0" encoding="UTF-8"?>
<!-- Generated by org.testng.reporters.JUnitReportReporter -->
<testsuite hostname="LAPTOP-BON7O57K" failures="0" tests="3" name="pack_2.Class_6_paramTest" time="0.042" errors="0" timestamp="2024-12-11T17:41:21 IST" skipped="0">
  <testcase classname="pack_2.Class_6_paramTest" name="testLogo" time="0.042"/>
  <system-out/>
  <testcase classname="pack_2.Class_6_paramTest" name="testTitle" time="0.000"/>
  <system-out/>
  <testcase classname="pack_2.Class_6_paramTest" name="testURL" time="0.000"/>
  <system-out/>
</testsuite> <!-- pack_2.Class_6_paramTest -->
