<?xml version="1.0" encoding="UTF-8"?>
<!-- Generated by org.testng.reporters.JUnitReportReporter -->
<testsuite hostname="LAPTOP-BON7O57K" failures="0" tests="6" name="pack_4.Class_6_paramTest" time="0.080" errors="0" timestamp="2024-12-11T18:17:52 IST" skipped="0">
  <testcase classname="pack_4.Class_6_paramTest" name="testLogo" time="0.032"/>
  <system-out/>
  <testcase classname="pack_4.Class_6_paramTest" name="testLogo" time="0.016"/>
  <system-out/>
  <testcase classname="pack_4.Class_6_paramTest" name="testTitle" time="0.009"/>
  <system-out/>
  <testcase classname="pack_4.Class_6_paramTest" name="testTitle" time="0.007"/>
  <system-out/>
  <testcase classname="pack_4.Class_6_paramTest" name="testURL" time="0.009"/>
  <system-out/>
  <testcase classname="pack_4.Class_6_paramTest" name="testURL" time="0.007"/>
  <system-out/>
</testsuite> <!-- pack_4.Class_6_paramTest -->
