<?xml version="1.0" encoding="UTF-8"?>
<!-- Generated by org.testng.reporters.JUnitReportReporter -->
<testsuite hostname="LAPTOP-BON7O57K" failures="0" tests="1" name="pack_1.Class_1_DataProvider" time="11.302" errors="0" timestamp="2024-12-11T14:16:19 IST" skipped="0">
  <testcase classname="pack_1.Class_1_DataProvider" name="testLogin" time="11.302"/>
  <system-out/>
</testsuite> <!-- pack_1.Class_1_DataProvider -->
