<?xml version="1.0" encoding="UTF-8"?>
<!-- Generated by org.testng.reporters.JUnitReportReporter -->
<testsuite hostname="LAPTOP-BON7O57K" failures="0" tests="6" name="pack_5.Class_6_paramTest" time="0.067" errors="0" timestamp="2024-12-11T18:23:00 IST" skipped="0">
  <testcase classname="pack_5.Class_6_paramTest" name="testLogo" time="0.031"/>
  <system-out/>
  <testcase classname="pack_5.Class_6_paramTest" name="testLogo" time="0.029"/>
  <system-out/>
  <testcase classname="pack_5.Class_6_paramTest" name="testTitle" time="0.003"/>
  <system-out/>
  <testcase classname="pack_5.Class_6_paramTest" name="testTitle" time="0.004"/>
  <system-out/>
  <testcase classname="pack_5.Class_6_paramTest" name="testURL" time="0.000"/>
  <system-out/>
  <testcase classname="pack_5.Class_6_paramTest" name="testURL" time="0.000"/>
  <system-out/>
</testsuite> <!-- pack_5.Class_6_paramTest -->
