<?xml version="1.0" encoding="UTF-8"?>
<!-- Generated by org.testng.reporters.JUnitReportReporter -->
<testsuite hostname="LAPTOP-BON7O57K" failures="0" tests="3" name="pack_1.Class_6_paramTest" time="0.024" errors="0" timestamp="2024-12-11T15:15:47 IST" skipped="0">
  <testcase classname="pack_1.Class_6_paramTest" name="testLogo" time="0.024"/>
  <system-out/>
  <testcase classname="pack_1.Class_6_paramTest" name="testTitle" time="0.000"/>
  <system-out/>
  <testcase classname="pack_1.Class_6_paramTest" name="testURL" time="0.000"/>
  <system-out/>
</testsuite> <!-- pack_1.Class_6_paramTest -->
