<?xml version="1.0" encoding="UTF-8"?>
<!-- Generated by org.testng.reporters.JUnitReportReporter -->
<testsuite hostname="LAPTOP-BON7O57K" failures="0" tests="4" name="PackOne.testNGClass_1" time="12.511" errors="0" timestamp="2024-12-09T19:54:21 IST" skipped="0">
  <testcase classname="PackOne.testNGClass_1" name="openapp" time="8.946"/>
  <system-out/>
  <testcase classname="PackOne.testNGClass_1" name="testLogo" time="3.290"/>
  <system-out/>
  <testcase classname="PackOne.testNGClass_1" name="testLogin" time="0.149"/>
  <system-out/>
  <testcase classname="PackOne.testNGClass_1" name="closeApp" time="0.126"/>
  <system-out/>
</testsuite> <!-- PackOne.testNGClass_1 -->
