<?xml version="1.0" encoding="UTF-8"?>
<!-- Generated by org.testng.reporters.JUnitReportReporter -->
<testsuite hostname="LAPTOP-BON7O57K" failures="0" tests="3" name="PackOne.Class_2" time="0.007" errors="0" timestamp="2024-12-09T19:52:50 IST" skipped="0">
  <testcase classname="PackOne.Class_2" name="openapp" time="0.006"/>
  <system-out/>
  <testcase classname="PackOne.Class_2" name="logout" time="0.000"/>
  <system-out/>
  <testcase classname="PackOne.Class_2" name="login" time="0.001"/>
  <system-out/>
</testsuite> <!-- PackOne.Class_2 -->
