<?xml version="1.0" encoding="UTF-8"?>
<!-- Generated by org.testng.reporters.JUnitReportReporter -->
<testsuite hostname="LAPTOP-BON7O57K" failures="0" tests="3" name="PackOne.Class_1" time="0.001" errors="0" timestamp="2024-12-09T19:54:21 IST" skipped="0">
  <testcase classname="PackOne.Class_1" name="logout" time="0.000"/>
  <system-out/>
  <testcase classname="PackOne.Class_1" name="login" time="0.001"/>
  <system-out/>
  <testcase classname="PackOne.Class_1" name="openapp" time="0.000"/>
  <system-out/>
</testsuite> <!-- PackOne.Class_1 -->
