<?xml version="1.0" encoding="UTF-8"?>
<!-- Generated by org.testng.reporters.JUnitReportReporter -->
<testsuite hostname="LAPTOP-BON7O57K" failures="0" tests="7" name="pack_4_groups.Class_1" time="7.930" errors="0" timestamp="2024-12-11T20:47:01 IST" skipped="0">
  <testcase classname="pack_4_groups.Class_1" name="setup" time="1.233"/>
  <system-out/>
  <testcase classname="pack_4_groups.Class_1" name="setup" time="0.814"/>
  <system-out/>
  <testcase classname="pack_4_groups.Class_1" name="getTitle" time="2.749"/>
  <system-out/>
  <testcase classname="pack_4_groups.Class_1" name="getTitle" time="2.165"/>
  <system-out/>
  <testcase classname="pack_4_groups.Class_1" name="getURL" time="0.416"/>
  <system-out/>
  <testcase classname="pack_4_groups.Class_1" name="getURL" time="0.454"/>
  <system-out/>
  <testcase classname="pack_4_groups.Class_1" name="printTitle_URL" time="0.099"/>
  <system-out/>
</testsuite> <!-- pack_4_groups.Class_1 -->
