<?xml version="1.0" encoding="UTF-8"?>
<!-- Generated by org.testng.reporters.JUnitReportReporter -->
<testsuite hostname="LAPTOP-BON7O57K" failures="0" tests="6" name="pack_1_Parallel_Testing.Class_1" time="0.073" errors="0" timestamp="2024-12-11T19:42:13 IST" skipped="0">
  <testcase classname="pack_1_Parallel_Testing.Class_1" name="testLogo" time="0.026"/>
  <system-out/>
  <testcase classname="pack_1_Parallel_Testing.Class_1" name="testLogo" time="0.019"/>
  <system-out/>
  <testcase classname="pack_1_Parallel_Testing.Class_1" name="testTitle" time="0.010"/>
  <system-out/>
  <testcase classname="pack_1_Parallel_Testing.Class_1" name="testTitle" time="0.006"/>
  <system-out/>
  <testcase classname="pack_1_Parallel_Testing.Class_1" name="testURL" time="0.007"/>
  <system-out/>
  <testcase classname="pack_1_Parallel_Testing.Class_1" name="testURL" time="0.005"/>
  <system-out/>
</testsuite> <!-- pack_1_Parallel_Testing.Class_1 -->
