<?xml version="1.0" encoding="UTF-8"?>
<!-- Generated by org.testng.reporters.JUnitReportReporter -->
<testsuite hostname="LAPTOP-BON7O57K" failures="0" tests="6" name="pack_1.Class_1" time="0.098" errors="0" timestamp="2024-12-11T19:41:09 IST" skipped="0">
  <testcase classname="pack_1.Class_1" name="testLogo" time="0.022"/>
  <system-out/>
  <testcase classname="pack_1.Class_1" name="testLogo" time="0.028"/>
  <system-out/>
  <testcase classname="pack_1.Class_1" name="testTitle" time="0.006"/>
  <system-out/>
  <testcase classname="pack_1.Class_1" name="testTitle" time="0.025"/>
  <system-out/>
  <testcase classname="pack_1.Class_1" name="testURL" time="0.005"/>
  <system-out/>
  <testcase classname="pack_1.Class_1" name="testURL" time="0.012"/>
  <system-out/>
</testsuite> <!-- pack_1.Class_1 -->
