<?xml version="1.0" encoding="UTF-8"?>
<!-- Generated by org.testng.reporters.JUnitReportReporter -->
<testsuite hostname="LAPTOP-BON7O57K" failures="0" tests="5" name="pack_3_groups.Class_1" time="3.329" errors="0" timestamp="2024-12-11T20:21:49 IST" skipped="0">
  <testcase classname="pack_3_groups.Class_1" name="setup" time="1.153"/>
  <system-out/>
  <testcase classname="pack_3_groups.Class_1" name="open" time="1.957"/>
  <system-out/>
  <testcase classname="pack_3_groups.Class_1" name="getTitle" time="0.122"/>
  <system-out/>
  <testcase classname="pack_3_groups.Class_1" name="getURL" time="0.005"/>
  <system-out/>
  <testcase classname="pack_3_groups.Class_1" name="tearDown" time="0.092"/>
  <system-out/>
</testsuite> <!-- pack_3_groups.Class_1 -->
