<?xml version="1.0" encoding="UTF-8"?>
<!-- Generated by org.testng.reporters.JUnitReportReporter -->
<testsuite hostname="LAPTOP-BON7O57K" failures="0" tests="3" name="PackOne.Class_1" time="8.446" errors="0" timestamp="2024-12-09T21:09:48 IST" skipped="0">
  <testcase classname="PackOne.Class_1" name="handlingCheckboxTest" time="0.157"/>
  <system-out/>
  <testcase classname="PackOne.Class_1" name="handlingRadioButtonTest" time="6.147"/>
  <system-out/>
  <testcase classname="PackOne.Class_1" name="goTest" time="2.142"/>
  <system-out/>
</testsuite> <!-- PackOne.Class_1 -->
