<?xml version="1.0" encoding="UTF-8"?>
<!-- Generated by org.testng.reporters.JUnitReportReporter -->
<testsuite hostname="LAPTOP-BON7O57K" failures="0" tests="2" name="PackOne.Class_1Test" time="2.170" errors="0" timestamp="2024-12-09T21:06:26 IST" skipped="0">
  <testcase classname="PackOne.Class_1Test" name="handlingCheckboxTest" time="0.155"/>
  <system-out/>
  <testcase classname="PackOne.Class_1Test" name="goTest" time="2.015"/>
  <system-out/>
</testsuite> <!-- PackOne.Class_1Test -->
