<?xml version="1.0" encoding="UTF-8"?>
<!-- Generated by org.testng.reporters.JUnitReportReporter -->
<testsuite hostname="LAPTOP-BON7O57K" failures="0" tests="3" name="pack_2_grouping.Class_1" time="0.008" errors="0" timestamp="2024-12-10T20:07:37 IST" skipped="0">
  <testcase classname="pack_2_grouping.Class_1" name="loginByEmail" time="0.007"/>
  <system-out/>
  <testcase classname="pack_2_grouping.Class_1" name="loginByFacebook" time="0.001"/>
  <system-out/>
  <testcase classname="pack_2_grouping.Class_1" name="loginByTwitter" time="0.000"/>
  <system-out/>
</testsuite> <!-- pack_2_grouping.Class_1 -->
