<?xml version="1.0" encoding="UTF-8"?>
<!-- Generated by org.testng.reporters.JUnitReportReporter -->
<testsuite hostname="LAPTOP-BON7O57K" failures="0" tests="3" name="pack_3_grouping.Class_1_login" time="0.007" errors="0" timestamp="2024-12-10T21:07:24 IST" skipped="0">
  <testcase classname="pack_3_grouping.Class_1_login" name="loginByEmail" time="0.006"/>
  <system-out/>
  <testcase classname="pack_3_grouping.Class_1_login" name="loginByFacebook" time="0.000"/>
  <system-out/>
  <testcase classname="pack_3_grouping.Class_1_login" name="loginByTwitter" time="0.001"/>
  <system-out/>
</testsuite> <!-- pack_3_grouping.Class_1_login -->
