<?xml version="1.0" encoding="UTF-8"?>
<!-- Generated by org.testng.reporters.JUnitReportReporter -->
<testsuite hostname="LAPTOP-BON7O57K" failures="0" tests="3" name="pack_2_grouping.Class_2_signupClass" time="0.008" errors="0" timestamp="2024-12-10T20:54:02 IST" skipped="0">
  <testcase classname="pack_2_grouping.Class_2_signupClass" name="signUpByEmail" time="0.006"/>
  <system-out/>
  <testcase classname="pack_2_grouping.Class_2_signupClass" name="signUpByFacebook" time="0.001"/>
  <system-out/>
  <testcase classname="pack_2_grouping.Class_2_signupClass" name="signUpByTwitter" time="0.001"/>
  <system-out/>
</testsuite> <!-- pack_2_grouping.Class_2_signupClass -->
