<?xml version="1.0" encoding="UTF-8"?>
<!-- Generated by org.testng.reporters.JUnitReportReporter -->
<testsuite hostname="LAPTOP-BON7O57K" failures="0" tests="2" name="pack_2_grouping.Class_3_paymentTest" time="0.002" errors="0" timestamp="2024-12-10T20:54:02 IST" skipped="0">
  <testcase classname="pack_2_grouping.Class_3_paymentTest" name="paymentInRupees" time="0.001"/>
  <system-out/>
  <testcase classname="pack_2_grouping.Class_3_paymentTest" name="paymentInDollars" time="0.001"/>
  <system-out/>
</testsuite> <!-- pack_2_grouping.Class_3_paymentTest -->
